This is pdfTeX, Version 3.14159265-2.6-1.40.18 (MiKTeX 2.9.6600 64-bit) (preloaded format=pdflatex 2018.3.8)  4 MAY 2018 00:37
entering extended mode
**./ISreport.tex
(ISreport.tex
LaTeX2e <2017-04-15>
Babel <3.17> and hyphenation patterns for 75 language(s) loaded.
("C:\Users\Anca\AppData\Local\Programs\MiKTeX 2.9\tex\latex\base\article.cls"
Document Class: article 2014/09/29 v1.4h Standard LaTeX document class
("C:\Users\Anca\AppData\Local\Programs\MiKTeX 2.9\tex\latex\base\size10.clo"
File: size10.clo 2014/09/29 v1.4h Standard LaTeX file (size option)
)
\c@part=\count79
\c@section=\count80
\c@subsection=\count81
\c@subsubsection=\count82
\c@paragraph=\count83
\c@subparagraph=\count84
\c@figure=\count85
\c@table=\count86
\abovecaptionskip=\skip41
\belowcaptionskip=\skip42
\bibindent=\dimen102
)
("C:\Users\Anca\AppData\Local\Programs\MiKTeX 2.9\tex\latex\hyperref\hyperref.s
ty"
Package: hyperref 2018/02/06 v6.86b Hypertext links for LaTeX

("C:\Users\Anca\AppData\Local\Programs\MiKTeX 2.9\tex\generic\oberdiek\hobsub-h
yperref.sty"
Package: hobsub-hyperref 2016/05/16 v1.14 Bundle oberdiek, subset hyperref (HO)


("C:\Users\Anca\AppData\Local\Programs\MiKTeX 2.9\tex\generic\oberdiek\hobsub-g
eneric.sty"
Package: hobsub-generic 2016/05/16 v1.14 Bundle oberdiek, subset generic (HO)
Package: hobsub 2016/05/16 v1.14 Construct package bundles (HO)
Package: infwarerr 2016/05/16 v1.4 Providing info/warning/error messages (HO)
Package: ltxcmds 2016/05/16 v1.23 LaTeX kernel commands for general use (HO)
Package: ifluatex 2016/05/16 v1.4 Provides the ifluatex switch (HO)
Package ifluatex Info: LuaTeX not detected.
Package: ifvtex 2016/05/16 v1.6 Detect VTeX and its facilities (HO)
Package ifvtex Info: VTeX not detected.
Package: intcalc 2016/05/16 v1.2 Expandable calculations with integers (HO)
Package: ifpdf 2017/03/15 v3.2 Provides the ifpdf switch
Package: etexcmds 2016/05/16 v1.6 Avoid name clashes with e-TeX commands (HO)
Package etexcmds Info: Could not find \expanded.
(etexcmds)             That can mean that you are not using pdfTeX 1.50 or
(etexcmds)             that some package has redefined \expanded.
(etexcmds)             In the latter case, load this package earlier.
Package: kvsetkeys 2016/05/16 v1.17 Key value parser (HO)
Package: kvdefinekeys 2016/05/16 v1.4 Define keys (HO)
Package: pdftexcmds 2018/01/21 v0.26 Utility functions of pdfTeX for LuaTeX (HO
)
Package pdftexcmds Info: LuaTeX not detected.
Package pdftexcmds Info: \pdf@primitive is available.
Package pdftexcmds Info: \pdf@ifprimitive is available.
Package pdftexcmds Info: \pdfdraftmode found.
Package: pdfescape 2016/05/16 v1.14 Implements pdfTeX's escape features (HO)
Package: bigintcalc 2016/05/16 v1.4 Expandable calculations on big integers (HO
)
Package: bitset 2016/05/16 v1.2 Handle bit-vector datatype (HO)
Package: uniquecounter 2016/05/16 v1.3 Provide unlimited unique counter (HO)
)
Package hobsub Info: Skipping package `hobsub' (already loaded).
Package: letltxmacro 2016/05/16 v1.5 Let assignment for LaTeX macros (HO)
Package: hopatch 2016/05/16 v1.3 Wrapper for package hooks (HO)
Package: xcolor-patch 2016/05/16 xcolor patch
Package: atveryend 2016/05/16 v1.9 Hooks at the very end of document (HO)
Package atveryend Info: \enddocument detected (standard20110627).
Package: atbegshi 2016/06/09 v1.18 At begin shipout hook (HO)
Package: refcount 2016/05/16 v3.5 Data extraction from label references (HO)
Package: hycolor 2016/05/16 v1.8 Color options for hyperref/bookmark (HO)
)
("C:\Users\Anca\AppData\Local\Programs\MiKTeX 2.9\tex\latex\graphics\keyval.sty
"
Package: keyval 2014/10/28 v1.15 key=value parser (DPC)
\KV@toks@=\toks14
)
("C:\Users\Anca\AppData\Local\Programs\MiKTeX 2.9\tex\generic\ifxetex\ifxetex.s
ty"
Package: ifxetex 2010/09/12 v0.6 Provides ifxetex conditional
)
("C:\Users\Anca\AppData\Local\Programs\MiKTeX 2.9\tex\latex\oberdiek\auxhook.st
y"
Package: auxhook 2016/05/16 v1.4 Hooks for auxiliary files (HO)
)
("C:\Users\Anca\AppData\Local\Programs\MiKTeX 2.9\tex\latex\oberdiek\kvoptions.
sty"
Package: kvoptions 2016/05/16 v3.12 Key value format for package options (HO)
)
\@linkdim=\dimen103
\Hy@linkcounter=\count87
\Hy@pagecounter=\count88

("C:\Users\Anca\AppData\Local\Programs\MiKTeX 2.9\tex\latex\hyperref\pd1enc.def
"
File: pd1enc.def 2018/02/06 v6.86b Hyperref: PDFDocEncoding definition (HO)
)
\Hy@SavedSpaceFactor=\count89

("C:\Users\Anca\AppData\Local\Programs\MiKTeX 2.9\tex\latex\00miktex\hyperref.c
fg"
File: hyperref.cfg 2002/06/06 v1.2 hyperref configuration of TeXLive
)
Package hyperref Info: Hyper figures OFF on input line 4509.
Package hyperref Info: Link nesting OFF on input line 4514.
Package hyperref Info: Hyper index ON on input line 4517.
Package hyperref Info: Plain pages OFF on input line 4524.
Package hyperref Info: Backreferencing OFF on input line 4529.
Package hyperref Info: Implicit mode ON; LaTeX internals redefined.
Package hyperref Info: Bookmarks ON on input line 4762.
\c@Hy@tempcnt=\count90
 ("C:\Users\Anca\AppData\Local\Programs\MiKTeX 2.9\tex\latex\url\url.sty"
\Urlmuskip=\muskip10
Package: url 2013/09/16  ver 3.4  Verb mode for urls, etc.
)
LaTeX Info: Redefining \url on input line 5115.
\XeTeXLinkMargin=\dimen104
\Fld@menulength=\count91
\Field@Width=\dimen105
\Fld@charsize=\dimen106
Package hyperref Info: Hyper figures OFF on input line 6369.
Package hyperref Info: Link nesting OFF on input line 6374.
Package hyperref Info: Hyper index ON on input line 6377.
Package hyperref Info: backreferencing OFF on input line 6384.
Package hyperref Info: Link coloring OFF on input line 6389.
Package hyperref Info: Link coloring with OCG OFF on input line 6394.
Package hyperref Info: PDF/A mode OFF on input line 6399.
LaTeX Info: Redefining \ref on input line 6439.
LaTeX Info: Redefining \pageref on input line 6443.
\Hy@abspage=\count92
\c@Item=\count93
\c@Hfootnote=\count94
)
Package hyperref Info: Driver (autodetected): hpdftex.

("C:\Users\Anca\AppData\Local\Programs\MiKTeX 2.9\tex\latex\hyperref\hpdftex.de
f"
File: hpdftex.def 2018/02/06 v6.86b Hyperref driver for pdfTeX
\Fld@listcount=\count95
\c@bookmark@seq@number=\count96

("C:\Users\Anca\AppData\Local\Programs\MiKTeX 2.9\tex\latex\oberdiek\rerunfilec
heck.sty"
Package: rerunfilecheck 2016/05/16 v1.8 Rerun checks for auxiliary files (HO)
Package uniquecounter Info: New unique counter `rerunfilecheck' on input line 2
82.
)
\Hy@SectionHShift=\skip43
)
("C:\Users\Anca\AppData\Local\Programs\MiKTeX 2.9\tex\latex\graphics\graphicx.s
ty"
Package: graphicx 2017/06/01 v1.1a Enhanced LaTeX Graphics (DPC,SPQR)

("C:\Users\Anca\AppData\Local\Programs\MiKTeX 2.9\tex\latex\graphics\graphics.s
ty"
Package: graphics 2017/06/25 v1.2c Standard LaTeX Graphics (DPC,SPQR)

("C:\Users\Anca\AppData\Local\Programs\MiKTeX 2.9\tex\latex\graphics\trig.sty"
Package: trig 2016/01/03 v1.10 sin cos tan (DPC)
)
("C:\Users\Anca\AppData\Local\Programs\MiKTeX 2.9\tex\latex\graphics-cfg\graphi
cs.cfg"
File: graphics.cfg 2016/06/04 v1.11 sample graphics configuration
)
Package graphics Info: Driver file: pdftex.def on input line 99.

("C:\Users\Anca\AppData\Local\Programs\MiKTeX 2.9\tex\latex\graphics-def\pdftex
.def"
File: pdftex.def 2018/01/08 v1.0l Graphics/color driver for pdftex
))
\Gin@req@height=\dimen107
\Gin@req@width=\dimen108
) (ISreport.aux)
\openout1 = `ISreport.aux'.

LaTeX Font Info:    Checking defaults for OML/cmm/m/it on input line 11.
LaTeX Font Info:    ... okay on input line 11.
LaTeX Font Info:    Checking defaults for T1/cmr/m/n on input line 11.
LaTeX Font Info:    ... okay on input line 11.
LaTeX Font Info:    Checking defaults for OT1/cmr/m/n on input line 11.
LaTeX Font Info:    ... okay on input line 11.
LaTeX Font Info:    Checking defaults for OMS/cmsy/m/n on input line 11.
LaTeX Font Info:    ... okay on input line 11.
LaTeX Font Info:    Checking defaults for OMX/cmex/m/n on input line 11.
LaTeX Font Info:    ... okay on input line 11.
LaTeX Font Info:    Checking defaults for U/cmr/m/n on input line 11.
LaTeX Font Info:    ... okay on input line 11.
LaTeX Font Info:    Checking defaults for PD1/pdf/m/n on input line 11.
LaTeX Font Info:    ... okay on input line 11.
\AtBeginShipoutBox=\box26
Package hyperref Info: Link coloring OFF on input line 11.

("C:\Users\Anca\AppData\Local\Programs\MiKTeX 2.9\tex\latex\hyperref\nameref.st
y"
Package: nameref 2016/05/21 v2.44 Cross-referencing by name of section

("C:\Users\Anca\AppData\Local\Programs\MiKTeX 2.9\tex\generic\oberdiek\gettitle
string.sty"
Package: gettitlestring 2016/05/16 v1.5 Cleanup title references (HO)
)
\c@section@level=\count97
)
LaTeX Info: Redefining \ref on input line 11.
LaTeX Info: Redefining \pageref on input line 11.
LaTeX Info: Redefining \nameref on input line 11.
 (ISreport.out) (ISreport.out)
\@outlinefile=\write3
\openout3 = `ISreport.out'.


("C:\Users\Anca\AppData\Local\Programs\MiKTeX 2.9\tex\context\base\supp-pdf.mki
i"
[Loading MPS to PDF converter (version 2006.09.02).]
\scratchcounter=\count98
\scratchdimen=\dimen109
\scratchbox=\box27
\nofMPsegments=\count99
\nofMParguments=\count100
\everyMPshowfont=\toks15
\MPscratchCnt=\count101
\MPscratchDim=\dimen110
\MPnumerator=\count102
\makeMPintoPDFobject=\count103
\everyMPtoPDFconversion=\toks16
)
("C:\Users\Anca\AppData\Local\Programs\MiKTeX 2.9\tex\latex\oberdiek\epstopdf-b
ase.sty"
Package: epstopdf-base 2016/05/15 v2.6 Base part for package epstopdf

("C:\Users\Anca\AppData\Local\Programs\MiKTeX 2.9\tex\latex\oberdiek\grfext.sty
"
Package: grfext 2016/05/16 v1.2 Manage graphics extensions (HO)
)
Package epstopdf-base Info: Redefining graphics rule for `.eps' on input line 4
38.
Package grfext Info: Graphics extension search list:
(grfext)             [.pdf,.png,.jpg,.mps,.jpeg,.jbig2,.jb2,.PDF,.PNG,.JPG,.JPE
G,.JBIG2,.JB2,.eps]
(grfext)             \AppendGraphicsExtensions on input line 456.
)
LaTeX Font Info:    External font `cmex10' loaded for size
(Font)              <12> on input line 13.
LaTeX Font Info:    External font `cmex10' loaded for size
(Font)              <8> on input line 13.
LaTeX Font Info:    External font `cmex10' loaded for size
(Font)              <6> on input line 13.
 (ISreport.toc
LaTeX Font Info:    External font `cmex10' loaded for size
(Font)              <7> on input line 2.
LaTeX Font Info:    External font `cmex10' loaded for size
(Font)              <5> on input line 2.
)
\tf@toc=\write4
\openout4 = `ISreport.toc'.

 [1

{C:/Users/Anca/AppData/Local/MiKTeX/2.9/pdftex/config/pdftex.map}]
LaTeX Font Info:    Try loading font information for OMS+cmr on input line 26.

("C:\Users\Anca\AppData\Local\Programs\MiKTeX 2.9\tex\latex\base\omscmr.fd"
File: omscmr.fd 2014/09/29 v2.5h Standard LaTeX font definitions
)
LaTeX Font Info:    Font shape `OMS/cmr/m/n' in size <10> not available
(Font)              Font shape `OMS/cmsy/m/n' tried instead on input line 26.
Missing character: There is no Â in font cmr10!
Missing character: There is no ® in font cmr10!

Overfull \hbox (7.80714pt too wide) in paragraph at lines 76--78
[]\OT1/cmtt/m/n/10 cd models/samples/core/get[]started/ python premade[]estimat
or.py
 []

Missing character: There is no â in font cmr10!
Missing character: There is no € in font cmr10!
Missing character: There is no ™ in font cmr10!
<neuron.jpg, id=156, 646.415pt x 316.18124pt>
File: neuron.jpg Graphic file (type jpg)
<use neuron.jpg>
Package pdftex.def Info: neuron.jpg  used on input line 89.
(pdftex.def)             Requested size: 172.5pt x 84.37138pt.
[2]
<artif.png, id=172, 683.55376pt x 359.3425pt>
File: artif.png Graphic file (type png)
<use artif.png>
Package pdftex.def Info: artif.png  used on input line 102.
(pdftex.def)             Requested size: 172.5pt x 90.6798pt.
 [3 <./neuron.jpg> <./artif.png (PNG copy)>]
<sigmoid.png, id=184, 251.94125pt x 201.75375pt>
File: sigmoid.png Graphic file (type png)
<use sigmoid.png>
Package pdftex.def Info: sigmoid.png  used on input line 117.
(pdftex.def)             Requested size: 172.5pt x 138.1389pt.
<relu.png, id=185, 397.485pt x 252.945pt>
File: relu.png Graphic file (type png)
<use relu.png>
Package pdftex.def Info: relu.png  used on input line 130.
(pdftex.def)             Requested size: 172.5pt x 109.77545pt.
 [4 <./sigmoid.png> <./relu.png (PNG copy)>]
<layers.jpg, id=193, 793.96625pt x 389.455pt>
File: layers.jpg Graphic file (type jpg)
<use layers.jpg>
Package pdftex.def Info: layers.jpg  used on input line 153.
(pdftex.def)             Requested size: 172.5pt x 84.61069pt.
 [5 <./layers.jpg>] [6]
<convnet.png, id=207, 327.47343pt x 261.22594pt>
File: convnet.png Graphic file (type png)
<use convnet.png>
Package pdftex.def Info: convnet.png  used on input line 254.
(pdftex.def)             Requested size: 172.5pt x 137.60405pt.
 [7]
<maxpool.png, id=213, 164.25pt x 68.547pt>
File: maxpool.png Graphic file (type png)
<use maxpool.png>
Package pdftex.def Info: maxpool.png  used on input line 277.
(pdftex.def)             Requested size: 172.5pt x 71.99632pt.
<convnetTopo.png, id=215, 485.56406pt x 133.24782pt>
File: convnetTopo.png Graphic file (type png)
<use convnetTopo.png>
Package pdftex.def Info: convnetTopo.png  used on input line 292.
(pdftex.def)             Requested size: 172.5pt x 47.33684pt.
 [8 <./convnet.png> <./maxpool.png>]
<overfit.png, id=223, 276.28218pt x 172.39406pt>
File: overfit.png Graphic file (type png)
<use overfit.png>
Package pdftex.def Info: overfit.png  used on input line 305.
(pdftex.def)             Requested size: 172.5pt x 107.63553pt.
<suitable.png, id=224, 271.0125pt x 174.6525pt>
File: suitable.png Graphic file (type png)
<use suitable.png>
Package pdftex.def Info: suitable.png  used on input line 316.
(pdftex.def)             Requested size: 172.5pt x 111.1696pt.

[9 <./convnetTopo.png> <./overfit.png>] [10 <./suitable.png>]
<base_network.png, id=240, 563.10374pt x 182.18062pt>
File: base_network.png Graphic file (type png)
<use base_network.png>
Package pdftex.def Info: base_network.png  used on input line 377.
(pdftex.def)             Requested size: 172.5pt x 55.80823pt.
 [11 <./base_network.png>]
<network_summary.png, id=246, 393.72093pt x 333.49594pt>
File: network_summary.png Graphic file (type png)
<use network_summary.png>
Package pdftex.def Info: network_summary.png  used on input line 399.
(pdftex.def)             Requested size: 172.5pt x 146.11275pt.
<lossacc.png, id=247, 324.46219pt x 392.21532pt>
File: lossacc.png Graphic file (type png)
<use lossacc.png>
Package pdftex.def Info: lossacc.png  used on input line 419.
(pdftex.def)             Requested size: 172.5pt x 208.52545pt.
 [12 <./network_summary.png>]
<augment.png, id=253, 560.0925pt x 111.41624pt>
File: augment.png Graphic file (type png)
<use augment.png>
Package pdftex.def Info: augment.png  used on input line 435.
(pdftex.def)             Requested size: 172.5pt x 34.31425pt.
<augmentimg.png, id=254, 130.23656pt x 387.69844pt>
File: augmentimg.png Graphic file (type png)
<use augmentimg.png>
Package pdftex.def Info: augmentimg.png  used on input line 442.
(pdftex.def)             Requested size: 172.5pt x 513.51457pt.
<regulated.png, id=255, 588.69937pt x 177.66376pt>
File: regulated.png Graphic file (type png)
<use regulated.png>
Package pdftex.def Info: regulated.png  used on input line 452.
(pdftex.def)             Requested size: 172.5pt x 52.05792pt.
<dropout.png, id=256, 589.4522pt x 191.9672pt>
File: dropout.png Graphic file (type png)
<use dropout.png>
Package pdftex.def Info: dropout.png  used on input line 462.
(pdftex.def)             Requested size: 172.5pt x 56.17873pt.
 [13 <./lossacc.png> <./augment.png>]
[14 <./augmentimg.png>]
<lossaccdropout.png, id=269, 353.06906pt x 384.6872pt>
File: lossaccdropout.png Graphic file (type png)
<use lossaccdropout.png>
Package pdftex.def Info: lossaccdropout.png  used on input line 471.
(pdftex.def)             Requested size: 172.5pt x 187.9466pt.
 [15 <./regulated.png> <./dropout.png> <./lossaccdropout.png>]
Overfull \hbox (12.24715pt too wide) in paragraph at lines 497--499
[][]$\OT1/cmtt/m/n/10 http : / / neurosciencenews . com / neurons-[]synapses-[]
neuroscience-[]5119/$[]
 []


Overfull \hbox (241.49518pt too wide) in paragraph at lines 506--508
[][]$\OT1/cmtt/m/n/10 https : / / analyticsindiamag . com / most-[]common-[]act
ivation-[]functions-[]in-[]neural-[]networks-[]and-[]rationale-[]behind-[]it/$[
]
 []


Overfull \hbox (6.9972pt too wide) in paragraph at lines 506--508
[]$\OT1/cmtt/m/n/10 https : / / github . com / Kulbear / deep-[]learning-[]nano
-[]foundation / wiki /
 []


Overfull \hbox (140.24605pt too wide) in paragraph at lines 511--512
[][]$\OT1/cmtt/m/n/10 https : / / www . pyimagesearch . com / 2016 / 09 / 26 / 
a-[]simple-[]neural-[]network-[]with-[]python-[]and-[]keras/$[] 
 []


Overfull \hbox (12.96936pt too wide) in paragraph at lines 520--522
[][]$\OT1/cmtt/m/n/10 https : / / en . wikipedia . org / wiki / Convolutional _
 neural _ network$[] []$http :
 []

[16]
Overfull \hbox (5.4972pt too wide) in paragraph at lines 533--537
[][]$\OT1/cmtt/m/n/10 http : / / www . cs . ucc . ie / []dgb / courses / ai2 / 
05 _ over _ n _ under _ fitting .
 []


Overfull \hbox (7.7194pt too wide) in paragraph at lines 533--537
\OT1/cmtt/m/n/10 pdf$[] []$http : / / www . cs . ucc . ie / []dgb / courses / a
i2 / 12 _ nn _ overfitting . pdf$[]
 []


Overfull \hbox (38.99692pt too wide) in paragraph at lines 533--537
[]$\OT1/cmtt/m/n/10 https : / / chatbotslife . com / regularization-[]in-[]deep
-[]learning-[]f649a45d6e0$[]
 []


Overfull \hbox (161.74586pt too wide) in paragraph at lines 533--537
[]$\OT1/cmtt/m/n/10 https : / / blog . keras . io / building-[]powerful-[]image
-[]classification-[]models-[]using-[]very-[]little-[]data .
 []


Overfull \hbox (149.74596pt too wide) in paragraph at lines 540--542
[][]$\OT1/cmtt/m/n/10 https : / / www . pyimagesearch . com / 2017 / 03 / 20 / 
imagenet-[]vggnet-[]resnet-[]inception-[]xception-[]keras/$[]
 []


Overfull \hbox (33.74696pt too wide) in paragraph at lines 540--542
[]$\OT1/cmtt/m/n/10 https : / / flyyufelix . github . io / 2016 / 10 / 08 / fin
e-[]tuning-[]in-[]keras-[]part2 .
 []

Package atveryend Info: Empty hook `BeforeClearDocument' on input line 549.
[17]
Package atveryend Info: Empty hook `AfterLastShipout' on input line 549.
 (ISreport.aux)
Package atveryend Info: Executing hook `AtVeryEndDocument' on input line 549.
Package atveryend Info: Executing hook `AtEndAfterFileList' on input line 549.
Package rerunfilecheck Info: File `ISreport.out' has not changed.
(rerunfilecheck)             Checksum: 10476F2C6FE8E67783B2114B9E22D283;2067.
Package atveryend Info: Empty hook `AtVeryVeryEnd' on input line 549.
 ) 
Here is how much of TeX's memory you used:
 5248 strings out of 493303
 79104 string characters out of 3130220
 158767 words of memory out of 3000000
 8676 multiletter control sequences out of 15000+200000
 8063 words of font info for 29 fonts, out of 3000000 for 9000
 1141 hyphenation exceptions out of 8191
 28i,6n,28p,646b,445s stack positions out of 5000i,500n,10000p,200000b,50000s
<C:/Users/Anca/AppData/Local/Programs/MiKTeX 2.9/fonts/type1/public/amsfonts/
cm/cmbx10.pfb><C:/Users/Anca/AppData/Local/Programs/MiKTeX 2.9/fonts/type1/publ
ic/amsfonts/cm/cmbx12.pfb><C:/Users/Anca/AppData/Local/Programs/MiKTeX 2.9/font
s/type1/public/amsfonts/cm/cmex10.pfb><C:/Users/Anca/AppData/Local/Programs/MiK
TeX 2.9/fonts/type1/public/amsfonts/cm/cmmi10.pfb><C:/Users/Anca/AppData/Local/
Programs/MiKTeX 2.9/fonts/type1/public/amsfonts/cm/cmmi5.pfb><C:/Users/Anca/App
Data/Local/Programs/MiKTeX 2.9/fonts/type1/public/amsfonts/cm/cmmi7.pfb><C:/Use
rs/Anca/AppData/Local/Programs/MiKTeX 2.9/fonts/type1/public/amsfonts/cm/cmr10.
pfb><C:/Users/Anca/AppData/Local/Programs/MiKTeX 2.9/fonts/type1/public/amsfont
s/cm/cmr12.pfb><C:/Users/Anca/AppData/Local/Programs/MiKTeX 2.9/fonts/type1/pub
lic/amsfonts/cm/cmr17.pfb><C:/Users/Anca/AppData/Local/Programs/MiKTeX 2.9/font
s/type1/public/amsfonts/cm/cmr7.pfb><C:/Users/Anca/AppData/Local/Programs/MiKTe
X 2.9/fonts/type1/public/amsfonts/cm/cmsy10.pfb><C:/Users/Anca/AppData/Local/Pr
ograms/MiKTeX 2.9/fonts/type1/public/amsfonts/cm/cmsy7.pfb><C:/Users/Anca/AppDa
ta/Local/Programs/MiKTeX 2.9/fonts/type1/public/amsfonts/cm/cmtt10.pfb>
Output written on ISreport.pdf (17 pages, 842667 bytes).
PDF statistics:
 382 PDF objects out of 1000 (max. 8388607)
 91 named destinations out of 1000 (max. 500000)
 315 words of extra memory for PDF output out of 10000 (max. 10000000)

