\BOOKMARK [1][-]{section.1}{Overview}{}% 1
\BOOKMARK [2][-]{subsection.1.1}{Running instructions}{section.1}% 2
\BOOKMARK [3][-]{subsubsection.1.1.1}{Install instructions}{subsection.1.1}% 3
\BOOKMARK [3][-]{subsubsection.1.1.2}{Running example}{subsection.1.1}% 4
\BOOKMARK [2][-]{subsection.1.2}{Introduction to Neural Network}{section.1}% 5
\BOOKMARK [3][-]{subsubsection.1.2.1}{Biological and Artificial Neuron}{subsection.1.2}% 6
\BOOKMARK [3][-]{subsubsection.1.2.2}{Activation Functions}{subsection.1.2}% 7
\BOOKMARK [3][-]{subsubsection.1.2.3}{Neural Network Topology}{subsection.1.2}% 8
\BOOKMARK [2][-]{subsection.1.3}{Backpropagation Algorithm}{section.1}% 9
\BOOKMARK [2][-]{subsection.1.4}{Introduction to Convolutional Network}{section.1}% 10
\BOOKMARK [3][-]{subsubsection.1.4.1}{Hierarchical approach }{subsection.1.4}% 11
\BOOKMARK [3][-]{subsubsection.1.4.2}{Layer Types}{subsection.1.4}% 12
\BOOKMARK [3][-]{subsubsection.1.4.3}{Convolutional Network Topology}{subsection.1.4}% 13
\BOOKMARK [2][-]{subsection.1.5}{The overfitting problem}{section.1}% 14
\BOOKMARK [3][-]{subsubsection.1.5.1}{Detecting overfitting}{subsection.1.5}% 15
\BOOKMARK [3][-]{subsubsection.1.5.2}{Solutions for Neural Networks}{subsection.1.5}% 16
\BOOKMARK [1][-]{section.2}{Proposed problem}{}% 17
\BOOKMARK [2][-]{subsection.2.1}{Specification}{section.2}% 18
\BOOKMARK [2][-]{subsection.2.2}{Data representation}{section.2}% 19
\BOOKMARK [2][-]{subsection.2.3}{Implementation Overview}{section.2}% 20
\BOOKMARK [2][-]{subsection.2.4}{The Base Convolutional Network}{section.2}% 21
\BOOKMARK [2][-]{subsection.2.5}{Strategies against Overfitting}{section.2}% 22
\BOOKMARK [3][-]{subsubsection.2.5.1}{Data Augmentation}{subsection.2.5}% 23
\BOOKMARK [3][-]{subsubsection.2.5.2}{Weight Regulation}{subsection.2.5}% 24
\BOOKMARK [3][-]{subsubsection.2.5.3}{Dropout}{subsection.2.5}% 25
\BOOKMARK [2][-]{subsection.2.6}{Transfer Learning}{section.2}% 26
\BOOKMARK [1][-]{section.3}{Conclusion}{}% 27
\BOOKMARK [1][-]{section.4}{Biography}{}% 28
